[2025-12-27 17:59:25.252] [ERROR] [E:\Code\CPlus\AsioServer\services\DBService\MySQLConnectionPool.cpp:51] - Failed to create MySQLConnection for the pool.
[2025-12-27 17:59:25.252] [INFO ] [E:\Code\CPlus\AsioServer\app\server_coroutine\main.cpp:59] - Get Config Server port: 9998
[2025-12-27 17:59:25.252] [INFO ] [E:\Code\CPlus\AsioServer\core\session\AsioIOServicePool.cpp:18] - IOService Count is 2
[2025-12-27 17:59:25.252] [INFO ] [E:\Code\CPlus\AsioServer\core\server\CServer.cpp:18] - Server Start in 9998
[2025-12-27 17:59:25.252] [INFO ] [E:\Code\CPlus\AsioServer\core\server\CServer.cpp:42] - StartCoroutineAccpet 
[2025-12-27 17:59:32.922] [INFO ] [E:\Code\CPlus\AsioServer\core\server\CServer.cpp:25] - Server is destructed.
[2025-12-27 17:59:32.922] [INFO ] [E:\Code\CPlus\AsioServer\core\session\CSession.cpp:25] -  CSession is destructed.
[2025-12-27 17:59:32.922] [ERROR] [E:\Code\CPlus\AsioServer\core\session\CSession.cpp:30] - bad_weak_ptr
[2025-12-27 17:59:32.922] [FATAL] [E:\Code\CPlus\AsioServer\app\server_coroutine\main.cpp:164] - Server shutdown at 17:51:08
[2025-12-27 17:59:32.922] [INFO ] [E:\Code\CPlus\AsioServer\core\session\AsioIOServicePool.cpp:35] - ~AsioIOServicePool is destructed.
[2025-12-27 18:00:20.435] [INFO ] [E:\Code\CPlus\AsioServer\services\DBService\MySQLConnection.cpp:31] - MySQL Connection Success -> 127.0.0.1:3306/mytest
[2025-12-27 18:00:20.439] [INFO ] [E:\Code\CPlus\AsioServer\services\DBService\MySQLConnection.cpp:31] - MySQL Connection Success -> 127.0.0.1:3306/mytest
[2025-12-27 18:00:20.439] [INFO ] [E:\Code\CPlus\AsioServer\services\DBService\MySQLConnectionPool.cpp:46] - mytest MySQLConnectionPool initialized with 2 connections.
[2025-12-27 18:00:20.439] [INFO ] [E:\Code\CPlus\AsioServer\app\server_coroutine\main.cpp:59] - Get Config Server port: 9998
[2025-12-27 18:00:20.439] [INFO ] [E:\Code\CPlus\AsioServer\core\session\AsioIOServicePool.cpp:18] - IOService Count is 2
[2025-12-27 18:00:20.439] [INFO ] [E:\Code\CPlus\AsioServer\core\server\CServer.cpp:18] - Server Start in 9998
[2025-12-27 18:00:20.439] [INFO ] [E:\Code\CPlus\AsioServer\core\server\CServer.cpp:42] - StartCoroutineAccpet 
[2025-12-27 18:00:33.631] [INFO ] [E:\Code\CPlus\AsioServer\core\server\CServer.cpp:25] - Server is destructed.
[2025-12-27 18:00:33.631] [INFO ] [E:\Code\CPlus\AsioServer\core\session\CSession.cpp:25] -  CSession is destructed.
[2025-12-27 18:00:33.631] [ERROR] [E:\Code\CPlus\AsioServer\core\session\CSession.cpp:30] - bad_weak_ptr
[2025-12-27 18:00:33.631] [FATAL] [E:\Code\CPlus\AsioServer\app\server_coroutine\main.cpp:164] - Server shutdown at 17:51:08
[2025-12-27 18:00:33.631] [INFO ] [E:\Code\CPlus\AsioServer\core\session\AsioIOServicePool.cpp:35] - ~AsioIOServicePool is destructed.
